C51 COMPILER V9.54   MAIN                                                                  01/17/2025 22:07:07 PAGE 1   


C51 COMPILER V9.54, COMPILATION OF MODULE MAIN
OBJECT MODULE PLACED IN .\Objects\main.obj
COMPILER INVOKED BY: C:\k5\C51\BIN\C51.EXE main.c OPTIMIZE(8,SPEED) BROWSE DEBUG OBJECTEXTEND PRINT(.\Listings\main.lst)
                    - TABS(2) OBJECT(.\Objects\main.obj)

line level    source

   1          #include <REGX52.H>
   2          #include <INTRINS.H>
   3          
   4          void Delay(unsigned int xms)    //@11.0592MHz
   5          {
   6   1        unsigned char i, j;
   7   1        while (xms)
   8   1        {
   9   2          _nop_();
  10   2          i = 2;
  11   2          j = 199;
  12   2          do
  13   2          {
  14   3            while (--j);
  15   3          } while (--i);
  16   2          xms--;
  17   2        }
  18   1      }
  19          
  20          void main()
  21          {
  22   1        unsigned char LEDNum=0;
  23   1        while (1)
  24   1        {
  25   2          if(P3_1==0)
  26   2          {
  27   3            Delay(20);
  28   3            while(P3_1==0);
  29   3            Delay(20);
  30   3            
  31   3            LEDNum++;
  32   3            P2=~LEDNum;
  33   3          }
  34   2        }
  35   1      }


MODULE INFORMATION:   STATIC OVERLAYABLE
   CODE SIZE        =     50    ----
   CONSTANT SIZE    =   ----    ----
   XDATA SIZE       =   ----    ----
   PDATA SIZE       =   ----    ----
   DATA SIZE        =   ----    ----
   IDATA SIZE       =   ----    ----
   BIT SIZE         =   ----    ----
END OF MODULE INFORMATION.


C51 COMPILATION COMPLETE.  0 WARNING(S),  0 ERROR(S)
