C51 COMPILER V9.54   DELAY                                                                 01/19/2025 23:11:27 PAGE 1   


C51 COMPILER V9.54, COMPILATION OF MODULE DELAY
OBJECT MODULE PLACED IN .\Objects\delay.obj
COMPILER INVOKED BY: C:\k5\C51\BIN\C51.EXE delay.c OPTIMIZE(8,SPEED) BROWSE DEBUG OBJECTEXTEND PRINT(.\Listings\delay.ls
                    -t) TABS(2) OBJECT(.\Objects\delay.obj)

line level    source

   1          void Delay(unsigned char xms)   
   2          {
   3   1        unsigned char i, j;
   4   1        while(xms--)
   5   1        {
   6   2            i = 2;
   7   2          j = 199;
   8   2          do
   9   2          {
  10   3            while (--j);
  11   3          } while (--i);
  12   2        }
  13   1      }


MODULE INFORMATION:   STATIC OVERLAYABLE
   CODE SIZE        =     17    ----
   CONSTANT SIZE    =   ----    ----
   XDATA SIZE       =   ----    ----
   PDATA SIZE       =   ----    ----
   DATA SIZE        =   ----    ----
   IDATA SIZE       =   ----    ----
   BIT SIZE         =   ----    ----
END OF MODULE INFORMATION.


C51 COMPILATION COMPLETE.  0 WARNING(S),  0 ERROR(S)
