C51 COMPILER V9.54   LED                                                                   01/19/2025 23:15:15 PAGE 1   


C51 COMPILER V9.54, COMPILATION OF MODULE LED
OBJECT MODULE PLACED IN .\Objects\LED.obj
COMPILER INVOKED BY: C:\k5\C51\BIN\C51.EXE LED.c OPTIMIZE(8,SPEED) BROWSE DEBUG OBJECTEXTEND PRINT(.\Listings\LED.lst) T
                    -ABS(2) OBJECT(.\Objects\LED.obj)

line level    source

   1          #include <REGX52.H>
   2          #include " Delay.h"
   3          
   4          unsigned char LEDTable[]={0x3F,0x06,0x5B,0x4F,0x66,0x6D,0x7D,0x07,0x7F,0x6F};
   5          
   6          void LED(unsigned char location, number)
   7          {
   8   1        switch(location)//单片机里面的led数码管排序是从右往左的
   9   1        {
  10   2          case 1: P2_4=1;P2_3=1;P2_2=1;break;
  11   2          case 2: P2_4=1;P2_3=1;P2_2=0;break;
  12   2          case 3: P2_4=1;P2_3=0;P2_2=1;break;
  13   2          case 4: P2_4=1;P2_3=0;P2_2=0;break;
  14   2          case 5: P2_4=0;P2_3=1;P2_2=1;break;
  15   2          case 6: P2_4=0;P2_3=1;P2_2=0;break;
  16   2          case 7: P2_4=0;P2_3=0;P2_2=1;break;
  17   2          case 8: P2_4=0;P2_3=0;P2_2=0;break;
  18   2        }
  19   1        P0=LEDTable[number];
  20   1        Delay(1);
  21   1        P0=0x00;//清零段选数据
  22   1      }


MODULE INFORMATION:   STATIC OVERLAYABLE
   CODE SIZE        =    107    ----
   CONSTANT SIZE    =   ----    ----
   XDATA SIZE       =   ----    ----
   PDATA SIZE       =   ----    ----
   DATA SIZE        =     10    ----
   IDATA SIZE       =   ----    ----
   BIT SIZE         =   ----    ----
END OF MODULE INFORMATION.


C51 COMPILATION COMPLETE.  0 WARNING(S),  0 ERROR(S)
