C51 COMPILER V9.54   MAIN                                                                  01/16/2025 22:38:14 PAGE 1   


C51 COMPILER V9.54, COMPILATION OF MODULE MAIN
OBJECT MODULE PLACED IN .\Objects\main.obj
COMPILER INVOKED BY: C:\k5\C51\BIN\C51.EXE main.c OPTIMIZE(8,SPEED) BROWSE DEBUG OBJECTEXTEND PRINT(.\Listings\main.lst)
                    - TABS(2) OBJECT(.\Objects\main.obj)

line level    source

   1          #include <REGX52.H>
   2          #include <INTRINS.H>
   3          void Delay1ms(unsigned int xms) //@11.0592MHz
   4          {
   5   1        unsigned char data i, j;
   6   1        while(xms)
   7   1        {
   8   2          _nop_();
   9   2        i = 2;
  10   2        j = 199;
  11   2        do
  12   2        {
  13   3          while (--j);
  14   3        } while (--i);
  15   2          xms--;
  16   2        }
  17   1        
  18   1      }
  19          
  20          void main()
  21          {
  22   1        while(1)
  23   1        {
  24   2          P2=0xFE;//d1 light
  25   2          Delay1ms(500);
  26   2          P2=0xFD;//d2 light
  27   2          Delay1ms(500);
  28   2          P2=0xFB;//d1 light
  29   2          Delay1ms(500);
  30   2          P2=0xF7;//d2 light
  31   2          Delay1ms(500);
  32   2          P2=0xEF;//d1 light
  33   2          Delay1ms(500);
  34   2          P2=0xDF;//d2 light
  35   2          Delay1ms(500);
  36   2          P2=0xBF;//d1 light
  37   2          Delay1ms(500);
  38   2          P2=0x7F;//d2 light
  39   2          Delay1ms(500);
  40   2        }
  41   1      }


MODULE INFORMATION:   STATIC OVERLAYABLE
   CODE SIZE        =     75    ----
   CONSTANT SIZE    =   ----    ----
   XDATA SIZE       =   ----    ----
   PDATA SIZE       =   ----    ----
   DATA SIZE        =   ----    ----
   IDATA SIZE       =   ----    ----
   BIT SIZE         =   ----    ----
END OF MODULE INFORMATION.


C51 COMPILATION COMPLETE.  0 WARNING(S),  0 ERROR(S)
