C51 COMPILER V9.54   MAIN                                                                  01/17/2025 10:30:58 PAGE 1   


C51 COMPILER V9.54, COMPILATION OF MODULE MAIN
OBJECT MODULE PLACED IN .\Objects\main.obj
COMPILER INVOKED BY: C:\k5\C51\BIN\C51.EXE main.c OPTIMIZE(8,SPEED) BROWSE DEBUG OBJECTEXTEND PRINT(.\Listings\main.lst)
                    - TABS(2) OBJECT(.\Objects\main.obj)

line level    source

   1          #include <REGX52.H>
   2          #include <INTRINS.H>
   3          
   4          void Delay1ms(unsigned int xms) //@11.0592MHz
   5          {
   6   1        unsigned char data i, j;
   7   1        while(xms)
   8   1        {
   9   2            _nop_();
  10   2          i = 2;
  11   2          j = 199;
  12   2          do
  13   2          {
  14   3            while (--j);
  15   3          } while (--i);
  16   2          xms--;
  17   2        }
  18   1      }
  19          //延迟判定
  20          void main()
  21          {
  22   1        while(1)
  23   1        {
  24   2          if(P3_1==0/*按键k1*/)
  25   2          {
  26   3            Delay1ms(20);//延迟20秒判定
  27   3            while(P3_1==0);//直到按键k1被按下
  28   3            Delay1ms(20);//延迟20秒判定
  29   3            P2_0=~P2_0;//LED1的状态取反
  30   3          }
  31   2        }
  32   1      }


MODULE INFORMATION:   STATIC OVERLAYABLE
   CODE SIZE        =     45    ----
   CONSTANT SIZE    =   ----    ----
   XDATA SIZE       =   ----    ----
   PDATA SIZE       =   ----    ----
   DATA SIZE        =   ----    ----
   IDATA SIZE       =   ----    ----
   BIT SIZE         =   ----    ----
END OF MODULE INFORMATION.


C51 COMPILATION COMPLETE.  0 WARNING(S),  0 ERROR(S)
