C51 COMPILER V9.54   MAIN                                                                  01/17/2025 22:23:03 PAGE 1   


C51 COMPILER V9.54, COMPILATION OF MODULE MAIN
OBJECT MODULE PLACED IN .\Objects\main.obj
COMPILER INVOKED BY: C:\k5\C51\BIN\C51.EXE main.c OPTIMIZE(8,SPEED) BROWSE DEBUG OBJECTEXTEND PRINT(.\Listings\main.lst)
                    - TABS(2) OBJECT(.\Objects\main.obj)

line level    source

   1          #include <REGX52.H>
   2          #include <INTRINS.H>
   3          
   4          void Delay(unsigned int xms)    //@11.0592MHz
   5          {
   6   1        unsigned char i, j;
   7   1      
   8   1        while(xms--)
   9   1        {
  10   2              _nop_();
  11   2          i = 2;
  12   2          j = 199;
  13   2          do
  14   2          {
  15   3            while (--j);
  16   3          } while (--i);
  17   2        }
  18   1      }
  19          
  20          void main()
  21          {
  22   1        unsigned char LEDNum=0;
  23   1        P2=~0x01;
  24   1        
  25   1        while(1)
  26   1        {
  27   2          if(P3_1==0)//k1×óÒÆ
  28   2          {
  29   3            Delay(20);
  30   3            while(P3_1==0);
  31   3            Delay(20);
  32   3            
  33   3            LEDNum++;
  34   3            if(LEDNum>=8)
  35   3              LEDNum=0;
  36   3            
  37   3            P2=~(0x01<<LEDNum);
  38   3          }
  39   2          
  40   2          if(P3_0==0)//k2ÓÒÒÆ
  41   2          {
  42   3            Delay(20);
  43   3            while(P3_0==0);
  44   3            Delay(20);
  45   3            
  46   3            if(LEDNum==0)
  47   3              LEDNum=7;
  48   3            else
  49   3              LEDNum--;
  50   3            
  51   3            P2=~(0x01<<LEDNum);
  52   3          }
  53   2        }
  54   1      }
C51 COMPILER V9.54   MAIN                                                                  01/17/2025 22:23:03 PAGE 2   



MODULE INFORMATION:   STATIC OVERLAYABLE
   CODE SIZE        =    102    ----
   CONSTANT SIZE    =   ----    ----
   XDATA SIZE       =   ----    ----
   PDATA SIZE       =   ----    ----
   DATA SIZE        =   ----    ----
   IDATA SIZE       =   ----    ----
   BIT SIZE         =   ----    ----
END OF MODULE INFORMATION.


C51 COMPILATION COMPLETE.  0 WARNING(S),  0 ERROR(S)
