C51 COMPILER V9.54   MAIN                                                                  01/16/2025 22:52:58 PAGE 1   


C51 COMPILER V9.54, COMPILATION OF MODULE MAIN
OBJECT MODULE PLACED IN .\Objects\MAIN.obj
COMPILER INVOKED BY: C:\k5\C51\BIN\C51.EXE MAIN.c OPTIMIZE(8,SPEED) BROWSE DEBUG OBJECTEXTEND PRINT(.\Listings\MAIN.lst)
                    - TABS(2) OBJECT(.\Objects\MAIN.obj)

line level    source

   1          #include <REGX52.H>
   2          
   3          void main()
   4          {
   5   1        //P2=0xFE;
   6   1        while(1)
   7   1        {
   8   2          if(P3_1==0)
   9   2          {
  10   3            P2_0=0;
  11   3          }
  12   2          else
  13   2          {
  14   3            P2_0=1;
  15   3          }
  16   2        }
  17   1      }


MODULE INFORMATION:   STATIC OVERLAYABLE
   CODE SIZE        =     11    ----
   CONSTANT SIZE    =   ----    ----
   XDATA SIZE       =   ----    ----
   PDATA SIZE       =   ----    ----
   DATA SIZE        =   ----    ----
   IDATA SIZE       =   ----    ----
   BIT SIZE         =   ----    ----
END OF MODULE INFORMATION.


C51 COMPILATION COMPLETE.  0 WARNING(S),  0 ERROR(S)
